0 info it worked if it ends with ok
1 verbose cli [ 'c:\\Program Files\\nodejs\\node.exe',
1 verbose cli   'c:\\Program Files\\nodejs\\node_modules\\npm\\bin\\npm-cli.js',
1 verbose cli   'start' ]
2 info using npm@3.3.12
3 info using node@v5.1.0
4 verbose run-script [ 'prestart', 'start', 'poststart' ]
5 info lifecycle node-express-gen@0.0.0~prestart: node-express-gen@0.0.0
6 silly lifecycle node-express-gen@0.0.0~prestart: no script for prestart, continuing
7 info lifecycle node-express-gen@0.0.0~start: node-express-gen@0.0.0
8 verbose lifecycle node-express-gen@0.0.0~start: unsafe-perm in lifecycle true
9 verbose lifecycle node-express-gen@0.0.0~start: PATH: c:\Program Files\nodejs\node_modules\npm\bin\node-gyp-bin;d:\startup_project\node-examples\node-express-gen\node_modules\.bin;c:\Users\Teju\bin;.;C:\Program Files\Git\local\bin;C:\Program Files\Git\mingw\bin;C:\Program Files\Git\bin;c:\Windows\system32;c:\Windows;c:\Windows\System32\Wbem;c:\Windows\System32\WindowsPowerShell\v1.0\;c:\Program Files\WIDCOMM\Bluetooth Software\;c:\Python27;c:\adt-bundle-windows-x86-20140321\sdk\platform-tools;c:\adt-bundle-windows-x86-20140321\sdk\tools;c:\apache-ant-1.9.3\bin;c:\Program Files\Java\jdk1.6.0_20;c:\Program Files\Windows Kits\8.1\Windows Performance Toolkit\;c:\Program Files\Microsoft SQL Server\110\Tools\Binn\;c:\Program Files\Microsoft SDKs\TypeScript\1.0\;c:\Program Files\Microsoft SQL Server\120\Tools\Binn\;c:\Program Files\nodejs\;c:\Ruby22\bin;c:\Users\Teju\AppData\Roaming\npm
10 verbose lifecycle node-express-gen@0.0.0~start: CWD: d:\startup_project\node-examples\node-express-gen
11 silly lifecycle node-express-gen@0.0.0~start: Args: [ '/d /s /c', 'node ./bin/www' ]
12 silly lifecycle node-express-gen@0.0.0~start: Returned: code: 1  signal: null
13 info lifecycle node-express-gen@0.0.0~start: Failed to exec start script
14 verbose stack Error: node-express-gen@0.0.0 start: `node ./bin/www`
14 verbose stack Exit status 1
14 verbose stack     at EventEmitter.<anonymous> (c:\Program Files\nodejs\node_modules\npm\lib\utils\lifecycle.js:232:16)
14 verbose stack     at emitTwo (events.js:87:13)
14 verbose stack     at EventEmitter.emit (events.js:172:7)
14 verbose stack     at ChildProcess.<anonymous> (c:\Program Files\nodejs\node_modules\npm\lib\utils\spawn.js:24:14)
14 verbose stack     at emitTwo (events.js:87:13)
14 verbose stack     at ChildProcess.emit (events.js:172:7)
14 verbose stack     at maybeClose (internal/child_process.js:818:16)
14 verbose stack     at Process.ChildProcess._handle.onexit (internal/child_process.js:211:5)
15 verbose pkgid node-express-gen@0.0.0
16 verbose cwd d:\startup_project\node-examples\node-express-gen
17 error Windows_NT 6.2.9200
18 error argv "c:\\Program Files\\nodejs\\node.exe" "c:\\Program Files\\nodejs\\node_modules\\npm\\bin\\npm-cli.js" "start"
19 error node v5.1.0
20 error npm  v3.3.12
21 error code ELIFECYCLE
22 error node-express-gen@0.0.0 start: `node ./bin/www`
22 error Exit status 1
23 error Failed at the node-express-gen@0.0.0 start script 'node ./bin/www'.
23 error Make sure you have the latest version of node.js and npm installed.
23 error If you do, this is most likely a problem with the node-express-gen package,
23 error not with npm itself.
23 error Tell the author that this fails on your system:
23 error     node ./bin/www
23 error You can get their info via:
23 error     npm owner ls node-express-gen
23 error There is likely additional logging output above.
24 verbose exit [ 1, true ]
